[1] "model_1_1_1"
[1] "model_1_1_2"
[1] "model_1_2_1"
[1] "model_1_2_2"
[1] "model_2_1_1"
[1] "model_2_1_2"
[1] "model_2_1_3"
[1] "model_2_1_4"
[1] "model_2_2_1"
[1] "model_2_2_2"
[1] "model_2_2_3"
[1] "model_2_2_4"
[1] "model_1_1_1"
[1] "model_1_1_2"
[1] "model_1_2_1"
[1] "model_1_2_2"
[1] "model_2_1_1"
[1] "model_2_1_2"
[1] "model_2_1_3"
[1] "model_2_1_4"
[1] "model_2_2_1"
[1] "model_2_2_2"
[1] "model_2_2_3"
[1] "model_2_2_4"
Growing trees.. Progress: 7%. Estimated remaining time: 7 minutes, 25 seconds.
Growing trees.. Progress: 15%. Estimated remaining time: 6 minutes, 2 seconds.
Growing trees.. Progress: 23%. Estimated remaining time: 5 minutes, 16 seconds.
Growing trees.. Progress: 31%. Estimated remaining time: 4 minutes, 38 seconds.
Growing trees.. Progress: 39%. Estimated remaining time: 4 minutes, 2 seconds.
Growing trees.. Progress: 47%. Estimated remaining time: 3 minutes, 28 seconds.
Growing trees.. Progress: 56%. Estimated remaining time: 2 minutes, 55 seconds.
Growing trees.. Progress: 64%. Estimated remaining time: 2 minutes, 22 seconds.
Growing trees.. Progress: 72%. Estimated remaining time: 1 minute, 50 seconds.
Growing trees.. Progress: 80%. Estimated remaining time: 1 minute, 18 seconds.
Growing trees.. Progress: 88%. Estimated remaining time: 47 seconds.
Growing trees.. Progress: 96%. Estimated remaining time: 14 seconds.
Computing prediction error.. Progress: 6%. Estimated remaining time: 8 minutes, 42 seconds.
Computing prediction error.. Progress: 11%. Estimated remaining time: 8 minutes, 9 seconds.
Computing prediction error.. Progress: 18%. Estimated remaining time: 7 minutes, 23 seconds.
Computing prediction error.. Progress: 24%. Estimated remaining time: 6 minutes, 38 seconds.
Computing prediction error.. Progress: 29%. Estimated remaining time: 6 minutes, 22 seconds.
Computing prediction error.. Progress: 35%. Estimated remaining time: 5 minutes, 56 seconds.
Computing prediction error.. Progress: 40%. Estimated remaining time: 5 minutes, 28 seconds.
Computing prediction error.. Progress: 46%. Estimated remaining time: 5 minutes, 0 seconds.
Computing prediction error.. Progress: 52%. Estimated remaining time: 4 minutes, 24 seconds.
Computing prediction error.. Progress: 57%. Estimated remaining time: 3 minutes, 54 seconds.
Computing prediction error.. Progress: 63%. Estimated remaining time: 3 minutes, 19 seconds.
Computing prediction error.. Progress: 70%. Estimated remaining time: 2 minutes, 44 seconds.
Computing prediction error.. Progress: 76%. Estimated remaining time: 2 minutes, 8 seconds.
Computing prediction error.. Progress: 82%. Estimated remaining time: 1 minute, 34 seconds.
Computing prediction error.. Progress: 88%. Estimated remaining time: 1 minute, 2 seconds.
Computing prediction error.. Progress: 93%. Estimated remaining time: 40 seconds.
Computing prediction error.. Progress: 96%. Estimated remaining time: 23 seconds.
Computing prediction error.. Progress: 98%. Estimated remaining time: 9 seconds.
Computing prediction error.. Progress: 100%. Estimated remaining time: 1 seconds.
Predicting.. Progress: 5%. Estimated remaining time: 10 minutes, 57 seconds.
Predicting.. Progress: 10%. Estimated remaining time: 9 minutes, 43 seconds.
Predicting.. Progress: 14%. Estimated remaining time: 9 minutes, 27 seconds.
Predicting.. Progress: 19%. Estimated remaining time: 8 minutes, 56 seconds.
Predicting.. Progress: 24%. Estimated remaining time: 8 minutes, 28 seconds.
Predicting.. Progress: 29%. Estimated remaining time: 7 minutes, 49 seconds.
Predicting.. Progress: 34%. Estimated remaining time: 7 minutes, 16 seconds.
Predicting.. Progress: 38%. Estimated remaining time: 6 minutes, 51 seconds.
Predicting.. Progress: 43%. Estimated remaining time: 6 minutes, 21 seconds.
Predicting.. Progress: 48%. Estimated remaining time: 5 minutes, 45 seconds.
Predicting.. Progress: 52%. Estimated remaining time: 5 minutes, 17 seconds.
Predicting.. Progress: 58%. Estimated remaining time: 4 minutes, 38 seconds.
Predicting.. Progress: 63%. Estimated remaining time: 4 minutes, 1 seconds.
Predicting.. Progress: 68%. Estimated remaining time: 3 minutes, 29 seconds.
Predicting.. Progress: 73%. Estimated remaining time: 2 minutes, 53 seconds.
Predicting.. Progress: 79%. Estimated remaining time: 2 minutes, 19 seconds.
Predicting.. Progress: 83%. Estimated remaining time: 1 minute, 49 seconds.
Predicting.. Progress: 88%. Estimated remaining time: 1 minute, 14 seconds.
Predicting.. Progress: 92%. Estimated remaining time: 51 seconds.
Predicting.. Progress: 95%. Estimated remaining time: 32 seconds.
Predicting.. Progress: 98%. Estimated remaining time: 17 seconds.
Predicting.. Progress: 99%. Estimated remaining time: 5 seconds.
