Predicting.. Progress: 4%. Estimated remaining time: 13 minutes, 4 seconds.
Predicting.. Progress: 8%. Estimated remaining time: 11 minutes, 43 seconds.
Predicting.. Progress: 13%. Estimated remaining time: 10 minutes, 45 seconds.
Predicting.. Progress: 17%. Estimated remaining time: 10 minutes, 14 seconds.
Predicting.. Progress: 21%. Estimated remaining time: 9 minutes, 36 seconds.
Predicting.. Progress: 26%. Estimated remaining time: 8 minutes, 55 seconds.
Predicting.. Progress: 31%. Estimated remaining time: 8 minutes, 18 seconds.
Predicting.. Progress: 35%. Estimated remaining time: 7 minutes, 52 seconds.
Predicting.. Progress: 39%. Estimated remaining time: 7 minutes, 20 seconds.
Predicting.. Progress: 43%. Estimated remaining time: 6 minutes, 54 seconds.
Predicting.. Progress: 47%. Estimated remaining time: 6 minutes, 25 seconds.
Predicting.. Progress: 52%. Estimated remaining time: 5 minutes, 52 seconds.
Predicting.. Progress: 56%. Estimated remaining time: 5 minutes, 22 seconds.
Predicting.. Progress: 60%. Estimated remaining time: 4 minutes, 48 seconds.
Predicting.. Progress: 65%. Estimated remaining time: 4 minutes, 14 seconds.
Predicting.. Progress: 69%. Estimated remaining time: 3 minutes, 43 seconds.
Predicting.. Progress: 74%. Estimated remaining time: 3 minutes, 10 seconds.
Predicting.. Progress: 78%. Estimated remaining time: 2 minutes, 38 seconds.
Predicting.. Progress: 83%. Estimated remaining time: 2 minutes, 6 seconds.
Predicting.. Progress: 86%. Estimated remaining time: 1 minute, 39 seconds.
Predicting.. Progress: 90%. Estimated remaining time: 1 minute, 13 seconds.
Predicting.. Progress: 93%. Estimated remaining time: 56 seconds.
Predicting.. Progress: 94%. Estimated remaining time: 44 seconds.
Predicting.. Progress: 96%. Estimated remaining time: 32 seconds.
Predicting.. Progress: 97%. Estimated remaining time: 21 seconds.
Predicting.. Progress: 99%. Estimated remaining time: 12 seconds.
Predicting.. Progress: 99%. Estimated remaining time: 7 seconds.
Predicting.. Progress: 100%. Estimated remaining time: 2 seconds.
Predicting.. Progress: 100%. Estimated remaining time: 0 seconds.
Aggregating predictions.. Progress: 17%. Estimated remaining time: 2 minutes, 33 seconds.
Aggregating predictions.. Progress: 34%. Estimated remaining time: 2 minutes, 0 seconds.
Aggregating predictions.. Progress: 51%. Estimated remaining time: 1 minute, 29 seconds.
Aggregating predictions.. Progress: 68%. Estimated remaining time: 58 seconds.
Aggregating predictions.. Progress: 84%. Estimated remaining time: 28 seconds.
Aggregating predictions.. Progress: 96%. Estimated remaining time: 8 seconds.
Growing trees.. Progress: 10%. Estimated remaining time: 4 minutes, 55 seconds.
Growing trees.. Progress: 20%. Estimated remaining time: 4 minutes, 6 seconds.
Growing trees.. Progress: 31%. Estimated remaining time: 3 minutes, 31 seconds.
Growing trees.. Progress: 41%. Estimated remaining time: 2 minutes, 59 seconds.
Growing trees.. Progress: 51%. Estimated remaining time: 2 minutes, 27 seconds.
Growing trees.. Progress: 62%. Estimated remaining time: 1 minute, 54 seconds.
Growing trees.. Progress: 72%. Estimated remaining time: 1 minute, 23 seconds.
Growing trees.. Progress: 83%. Estimated remaining time: 51 seconds.
Growing trees.. Progress: 91%. Estimated remaining time: 26 seconds.
Growing trees.. Progress: 97%. Estimated remaining time: 11 seconds.
Growing trees.. Progress: 100%. Estimated remaining time: 0 seconds.
Computing prediction error.. Progress: 4%. Estimated remaining time: 13 minutes, 26 seconds.
Computing prediction error.. Progress: 8%. Estimated remaining time: 12 minutes, 14 seconds.
Computing prediction error.. Progress: 13%. Estimated remaining time: 10 minutes, 47 seconds.
Computing prediction error.. Progress: 18%. Estimated remaining time: 9 minutes, 54 seconds.
Computing prediction error.. Progress: 22%. Estimated remaining time: 9 minutes, 23 seconds.
Computing prediction error.. Progress: 26%. Estimated remaining time: 8 minutes, 55 seconds.
Computing prediction error.. Progress: 31%. Estimated remaining time: 8 minutes, 7 seconds.
Computing prediction error.. Progress: 36%. Estimated remaining time: 7 minutes, 33 seconds.
Computing prediction error.. Progress: 40%. Estimated remaining time: 6 minutes, 58 seconds.
Computing prediction error.. Progress: 46%. Estimated remaining time: 6 minutes, 20 seconds.
Computing prediction error.. Progress: 50%. Estimated remaining time: 5 minutes, 49 seconds.
Computing prediction error.. Progress: 55%. Estimated remaining time: 5 minutes, 14 seconds.
Computing prediction error.. Progress: 59%. Estimated remaining time: 4 minutes, 43 seconds.
Computing prediction error.. Progress: 64%. Estimated remaining time: 4 minutes, 9 seconds.
Computing prediction error.. Progress: 69%. Estimated remaining time: 3 minutes, 39 seconds.
Computing prediction error.. Progress: 74%. Estimated remaining time: 3 minutes, 3 seconds.
Computing prediction error.. Progress: 78%. Estimated remaining time: 2 minutes, 33 seconds.
Computing prediction error.. Progress: 82%. Estimated remaining time: 2 minutes, 2 seconds.
Computing prediction error.. Progress: 86%. Estimated remaining time: 1 minute, 35 seconds.
Computing prediction error.. Progress: 90%. Estimated remaining time: 1 minute, 13 seconds.
Computing prediction error.. Progress: 93%. Estimated remaining time: 52 seconds.
Computing prediction error.. Progress: 95%. Estimated remaining time: 39 seconds.
Computing prediction error.. Progress: 96%. Estimated remaining time: 29 seconds.
Computing prediction error.. Progress: 97%. Estimated remaining time: 22 seconds.
Computing prediction error.. Progress: 98%. Estimated remaining time: 14 seconds.
Computing prediction error.. Progress: 99%. Estimated remaining time: 7 seconds.
Computing prediction error.. Progress: 100%. Estimated remaining time: 3 seconds.
Computing prediction error.. Progress: 100%. Estimated remaining time: 0 seconds.
