[1] "model_1_1_1"
[1] "model_1_1_2"
[1] "model_1_2_1"
[1] "model_1_2_2"
[1] "model_2_1_1"
[1] "model_2_1_2"
[1] "model_2_1_3"
[1] "model_2_1_4"
[1] "model_2_2_1"
[1] "model_2_2_2"
[1] "model_2_2_3"
[1] "model_2_2_4"
[1] "model_1_1_1"
[1] "model_1_1_2"
[1] "model_1_2_1"
[1] "model_1_2_2"
[1] "model_2_1_1"
[1] "model_2_1_2"
[1] "model_2_1_3"
[1] "model_2_1_4"
[1] "model_2_2_1"
[1] "model_2_2_2"
[1] "model_2_2_3"
[1] "model_2_2_4"
Growing trees.. Progress: 4%. Estimated remaining time: 12 minutes, 28 seconds.
Growing trees.. Progress: 9%. Estimated remaining time: 10 minutes, 55 seconds.
Growing trees.. Progress: 14%. Estimated remaining time: 10 minutes, 3 seconds.
Growing trees.. Progress: 18%. Estimated remaining time: 9 minutes, 34 seconds.
Growing trees.. Progress: 23%. Estimated remaining time: 8 minutes, 54 seconds.
Growing trees.. Progress: 28%. Estimated remaining time: 8 minutes, 18 seconds.
Growing trees.. Progress: 32%. Estimated remaining time: 7 minutes, 47 seconds.
Growing trees.. Progress: 37%. Estimated remaining time: 7 minutes, 12 seconds.
Growing trees.. Progress: 42%. Estimated remaining time: 6 minutes, 41 seconds.
Growing trees.. Progress: 46%. Estimated remaining time: 6 minutes, 7 seconds.
Growing trees.. Progress: 51%. Estimated remaining time: 5 minutes, 33 seconds.
Growing trees.. Progress: 56%. Estimated remaining time: 4 minutes, 58 seconds.
Growing trees.. Progress: 61%. Estimated remaining time: 4 minutes, 26 seconds.
Growing trees.. Progress: 66%. Estimated remaining time: 3 minutes, 52 seconds.
Growing trees.. Progress: 71%. Estimated remaining time: 3 minutes, 19 seconds.
Growing trees.. Progress: 75%. Estimated remaining time: 2 minutes, 46 seconds.
Growing trees.. Progress: 80%. Estimated remaining time: 2 minutes, 15 seconds.
Growing trees.. Progress: 85%. Estimated remaining time: 1 minute, 43 seconds.
Growing trees.. Progress: 90%. Estimated remaining time: 1 minute, 10 seconds.
Growing trees.. Progress: 94%. Estimated remaining time: 38 seconds.
Growing trees.. Progress: 98%. Estimated remaining time: 10 seconds.
Computing prediction error.. Progress: 3%. Estimated remaining time: 19 minutes, 21 seconds.
Computing prediction error.. Progress: 5%. Estimated remaining time: 18 minutes, 45 seconds.
Computing prediction error.. Progress: 8%. Estimated remaining time: 18 minutes, 1 seconds.
Computing prediction error.. Progress: 11%. Estimated remaining time: 17 minutes, 34 seconds.
Computing prediction error.. Progress: 13%. Estimated remaining time: 16 minutes, 48 seconds.
Computing prediction error.. Progress: 17%. Estimated remaining time: 15 minutes, 46 seconds.
Computing prediction error.. Progress: 19%. Estimated remaining time: 15 minutes, 27 seconds.
Computing prediction error.. Progress: 22%. Estimated remaining time: 15 minutes, 5 seconds.
Computing prediction error.. Progress: 25%. Estimated remaining time: 14 minutes, 19 seconds.
Computing prediction error.. Progress: 28%. Estimated remaining time: 13 minutes, 47 seconds.
Computing prediction error.. Progress: 30%. Estimated remaining time: 13 minutes, 18 seconds.
Computing prediction error.. Progress: 33%. Estimated remaining time: 12 minutes, 42 seconds.
Computing prediction error.. Progress: 36%. Estimated remaining time: 12 minutes, 10 seconds.
Computing prediction error.. Progress: 39%. Estimated remaining time: 11 minutes, 47 seconds.
Computing prediction error.. Progress: 41%. Estimated remaining time: 11 minutes, 13 seconds.
Computing prediction error.. Progress: 44%. Estimated remaining time: 10 minutes, 43 seconds.
Computing prediction error.. Progress: 47%. Estimated remaining time: 10 minutes, 12 seconds.
Computing prediction error.. Progress: 50%. Estimated remaining time: 9 minutes, 39 seconds.
Computing prediction error.. Progress: 52%. Estimated remaining time: 9 minutes, 6 seconds.
Computing prediction error.. Progress: 55%. Estimated remaining time: 8 minutes, 31 seconds.
Computing prediction error.. Progress: 58%. Estimated remaining time: 8 minutes, 0 seconds.
Computing prediction error.. Progress: 61%. Estimated remaining time: 7 minutes, 28 seconds.
Computing prediction error.. Progress: 64%. Estimated remaining time: 6 minutes, 56 seconds.
Computing prediction error.. Progress: 66%. Estimated remaining time: 6 minutes, 24 seconds.
Computing prediction error.. Progress: 69%. Estimated remaining time: 5 minutes, 53 seconds.
Computing prediction error.. Progress: 72%. Estimated remaining time: 5 minutes, 24 seconds.
Computing prediction error.. Progress: 74%. Estimated remaining time: 4 minutes, 56 seconds.
Computing prediction error.. Progress: 77%. Estimated remaining time: 4 minutes, 28 seconds.
Computing prediction error.. Progress: 79%. Estimated remaining time: 3 minutes, 58 seconds.
Computing prediction error.. Progress: 82%. Estimated remaining time: 3 minutes, 30 seconds.
Computing prediction error.. Progress: 84%. Estimated remaining time: 3 minutes, 1 seconds.
Computing prediction error.. Progress: 87%. Estimated remaining time: 2 minutes, 31 seconds.
Computing prediction error.. Progress: 90%. Estimated remaining time: 2 minutes, 1 seconds.
Computing prediction error.. Progress: 92%. Estimated remaining time: 1 minute, 31 seconds.
Computing prediction error.. Progress: 95%. Estimated remaining time: 1 minute, 2 seconds.
Computing prediction error.. Progress: 96%. Estimated remaining time: 44 seconds.
Computing prediction error.. Progress: 98%. Estimated remaining time: 27 seconds.
Computing prediction error.. Progress: 99%. Estimated remaining time: 12 seconds.
Computing prediction error.. Progress: 100%. Estimated remaining time: 3 seconds.
Predicting.. Progress: 0%. Estimated remaining time: 10 hours, 49 minutes, 21 seconds.
Predicting.. Progress: 3%. Estimated remaining time: 39 minutes, 37 seconds.
Predicting.. Progress: 5%. Estimated remaining time: 35 minutes, 29 seconds.
Predicting.. Progress: 7%. Estimated remaining time: 29 minutes, 39 seconds.
Predicting.. Progress: 11%. Estimated remaining time: 23 minutes, 7 seconds.
Predicting.. Progress: 13%. Estimated remaining time: 22 minutes, 50 seconds.
Predicting.. Progress: 16%. Estimated remaining time: 21 minutes, 6 seconds.
Predicting.. Progress: 18%. Estimated remaining time: 20 minutes, 36 seconds.
Predicting.. Progress: 21%. Estimated remaining time: 19 minutes, 11 seconds.
Predicting.. Progress: 23%. Estimated remaining time: 18 minutes, 9 seconds.
Predicting.. Progress: 26%. Estimated remaining time: 17 minutes, 35 seconds.
Predicting.. Progress: 28%. Estimated remaining time: 17 minutes, 0 seconds.
Predicting.. Progress: 31%. Estimated remaining time: 15 minutes, 57 seconds.
Predicting.. Progress: 33%. Estimated remaining time: 15 minutes, 31 seconds.
Predicting.. Progress: 36%. Estimated remaining time: 14 minutes, 43 seconds.
Predicting.. Progress: 39%. Estimated remaining time: 13 minutes, 54 seconds.
Predicting.. Progress: 41%. Estimated remaining time: 13 minutes, 17 seconds.
Predicting.. Progress: 44%. Estimated remaining time: 12 minutes, 30 seconds.
Predicting.. Progress: 47%. Estimated remaining time: 11 minutes, 49 seconds.
Predicting.. Progress: 49%. Estimated remaining time: 11 minutes, 9 seconds.
Predicting.. Progress: 52%. Estimated remaining time: 10 minutes, 42 seconds.
Predicting.. Progress: 54%. Estimated remaining time: 10 minutes, 8 seconds.
Predicting.. Progress: 57%. Estimated remaining time: 9 minutes, 19 seconds.
Predicting.. Progress: 59%. Estimated remaining time: 8 minutes, 55 seconds.
Predicting.. Progress: 62%. Estimated remaining time: 8 minutes, 22 seconds.
Predicting.. Progress: 65%. Estimated remaining time: 7 minutes, 41 seconds.
Predicting.. Progress: 67%. Estimated remaining time: 7 minutes, 9 seconds.
Predicting.. Progress: 70%. Estimated remaining time: 6 minutes, 23 seconds.
Predicting.. Progress: 73%. Estimated remaining time: 5 minutes, 54 seconds.
Predicting.. Progress: 75%. Estimated remaining time: 5 minutes, 29 seconds.
Predicting.. Progress: 78%. Estimated remaining time: 4 minutes, 51 seconds.
Predicting.. Progress: 80%. Estimated remaining time: 4 minutes, 12 seconds.
Predicting.. Progress: 84%. Estimated remaining time: 3 minutes, 27 seconds.
Predicting.. Progress: 86%. Estimated remaining time: 2 minutes, 52 seconds.
Predicting.. Progress: 92%. Estimated remaining time: 1 minute, 44 seconds.
Predicting.. Progress: 97%. Estimated remaining time: 30 seconds.
Predicting.. Progress: 100%. Estimated remaining time: 1 seconds.
